0 info it worked if it ends with ok
1 verbose cli [ '/home/alex/.nvm/versions/node/v4.4.3/bin/node',
1 verbose cli   '/home/alex/.nvm/versions/node/v4.4.3/bin/npm',
1 verbose cli   'publish' ]
2 info using npm@2.15.1
3 info using node@v4.4.3
4 verbose publish [ '.' ]
5 silly cache add args [ '.', null ]
6 verbose cache add spec .
7 silly cache add parsed spec Result {
7 silly cache add   raw: '.',
7 silly cache add   scope: null,
7 silly cache add   name: null,
7 silly cache add   rawSpec: '.',
7 silly cache add   spec: '/home/alex/projects/log-dog',
7 silly cache add   type: 'directory' }
8 verbose addLocalDirectory /home/alex/.npm/log-dog/1.2.0/package.tgz not in flight; packing
9 verbose correctMkdir /home/alex/.npm correctMkdir not in flight; initializing
10 verbose tar pack [ '/home/alex/.npm/log-dog/1.2.0/package.tgz',
10 verbose tar pack   '/home/alex/projects/log-dog' ]
11 verbose tarball /home/alex/.npm/log-dog/1.2.0/package.tgz
12 verbose folder /home/alex/projects/log-dog
13 info prepublish log-dog@1.2.0
14 verbose addLocalTarball adding from inside cache /home/alex/.npm/log-dog/1.2.0/package.tgz
15 verbose correctMkdir /home/alex/.npm correctMkdir not in flight; initializing
16 silly cache afterAdd log-dog@1.2.0
17 verbose afterAdd /home/alex/.npm/log-dog/1.2.0/package/package.json not in flight; writing
18 verbose correctMkdir /home/alex/.npm correctMkdir not in flight; initializing
19 verbose afterAdd /home/alex/.npm/log-dog/1.2.0/package/package.json written
20 silly publish { name: 'log-dog',
20 silly publish   version: '1.2.0',
20 silly publish   description: '``` npm install log-dog --save ```',
20 silly publish   main: 'index.js',
20 silly publish   scripts: { test: '' },
20 silly publish   repository:
20 silly publish    { type: 'git',
20 silly publish      url: 'git+https://github.com/avoronkin/log-dog.git' },
20 silly publish   homepage: 'https://github.com/avoronkin/log-dog',
20 silly publish   keywords: [ 'log', 'dog' ],
20 silly publish   author: '',
20 silly publish   license: 'ISC',
20 silly publish   dependencies: { 'filter-ware': '^2.1.1', 'merge-descriptors': '^1.0.1' },
20 silly publish   devDependencies: { mocha: '^3.2.0' },
20 silly publish   readme: '# log-dog\n\n```\nnpm install log-dog --save\n```\n\n```js\nvar logDogFactory = require(\'log-dog\')\n\nvar logDog = logDogFactory()\n.use(function (data, next) {\n    data.line = data.line.toLowerCase()\n    next()\n})\n.use(/Listen/i, function (data, next) {\n    console.log(\'server start line\', data.line)\n})\n\nlogDog.read(\'tail -n 300 -f /some/path.log\')\n```\n\n## With [log-dog-extras](https://www.npmjs.com/package/log-dog-extras)\n\n```js\nvar logDogFactory = require(\'log-dog\')\nvar counter = require(\'log-dog-extras\').counter\nvar blocker = require(\'log-dog-extras\').blocker\n\nvar logDog = logDogFactory()\n.use(/Server listen/i, counter({\n    hits: 5,\n    interval: 60\n}), blocker({\n    hits: 1,\n    interval: 600\n}), function (data, next) {\n    console.log(\'server has been restarted 5 times per minute\', new Date())\n})\n.use(function (err, data, next) {\n    console.error(err)\n})\n\nlogDog.read(\'tail -n 300 -f /some/path.log\')\n```\n',
20 silly publish   readmeFilename: 'README.md',
20 silly publish   gitHead: 'b0f086e620b70b7dd44776fb25113844561d93d5',
20 silly publish   bugs: { url: 'https://github.com/avoronkin/log-dog/issues' },
20 silly publish   _id: 'log-dog@1.2.0',
20 silly publish   _shasum: '78620ee7589d5c09a9ea0d8e2bb3e36d5ff0ea10',
20 silly publish   _from: '.' }
21 verbose getPublishConfig undefined
22 silly mapToRegistry name log-dog
23 silly mapToRegistry using default registry
24 silly mapToRegistry registry https://registry.npmjs.org/
25 silly mapToRegistry data Result {
25 silly mapToRegistry   raw: 'log-dog',
25 silly mapToRegistry   scope: null,
25 silly mapToRegistry   name: 'log-dog',
25 silly mapToRegistry   rawSpec: '',
25 silly mapToRegistry   spec: 'latest',
25 silly mapToRegistry   type: 'tag' }
26 silly mapToRegistry uri https://registry.npmjs.org/log-dog
27 verbose publish registryBase https://registry.npmjs.org/
28 silly publish uploading /home/alex/.npm/log-dog/1.2.0/package.tgz
29 verbose request uri https://registry.npmjs.org/log-dog
30 verbose request sending authorization for write operation
31 info attempt registry request try #1 at 12:35:32
32 verbose request using bearer token for auth
33 verbose request id 3f106102b4efbb60
34 http request PUT https://registry.npmjs.org/log-dog
35 http 403 https://registry.npmjs.org/log-dog
36 verbose headers { 'content-type': 'application/json',
36 verbose headers   'cache-control': 'max-age=300',
36 verbose headers   'content-length': '95',
36 verbose headers   'accept-ranges': 'bytes',
36 verbose headers   date: 'Mon, 09 Jan 2017 09:35:33 GMT',
36 verbose headers   via: '1.1 varnish',
36 verbose headers   connection: 'keep-alive',
36 verbose headers   'x-served-by': 'cache-bma7024-BMA',
36 verbose headers   'x-cache': 'MISS',
36 verbose headers   'x-cache-hits': '0',
36 verbose headers   'x-timer': 'S1483954532.083882,VS0,VE1306',
36 verbose headers   vary: 'Accept-Encoding' }
37 verbose request invalidating /home/alex/.npm/registry.npmjs.org/log-dog on PUT
38 error publish Failed PUT 403
39 verbose stack Error: "You cannot publish over the previously published version 1.2.0." : log-dog
39 verbose stack     at makeError (/home/alex/.nvm/versions/node/v4.4.3/lib/node_modules/npm/node_modules/npm-registry-client/lib/request.js:264:12)
39 verbose stack     at CachingRegistryClient.<anonymous> (/home/alex/.nvm/versions/node/v4.4.3/lib/node_modules/npm/node_modules/npm-registry-client/lib/request.js:252:14)
39 verbose stack     at Request._callback (/home/alex/.nvm/versions/node/v4.4.3/lib/node_modules/npm/node_modules/npm-registry-client/lib/request.js:172:14)
39 verbose stack     at Request.self.callback (/home/alex/.nvm/versions/node/v4.4.3/lib/node_modules/npm/node_modules/request/request.js:199:22)
39 verbose stack     at emitTwo (events.js:87:13)
39 verbose stack     at Request.emit (events.js:172:7)
39 verbose stack     at Request.<anonymous> (/home/alex/.nvm/versions/node/v4.4.3/lib/node_modules/npm/node_modules/request/request.js:1036:10)
39 verbose stack     at emitOne (events.js:82:20)
39 verbose stack     at Request.emit (events.js:169:7)
39 verbose stack     at IncomingMessage.<anonymous> (/home/alex/.nvm/versions/node/v4.4.3/lib/node_modules/npm/node_modules/request/request.js:963:12)
40 verbose statusCode 403
41 verbose pkgid log-dog
42 verbose cwd /home/alex/projects/log-dog
43 error Linux 4.4.0-42-generic
44 error argv "/home/alex/.nvm/versions/node/v4.4.3/bin/node" "/home/alex/.nvm/versions/node/v4.4.3/bin/npm" "publish"
45 error node v4.4.3
46 error npm  v2.15.1
47 error code E403
48 error "You cannot publish over the previously published version 1.2.0." : log-dog
49 error If you need help, you may report this error at:
49 error     <https://github.com/npm/npm/issues>
50 verbose exit [ 1, true ]
